<?xml version="1.0" encoding="UTF-8"?><testsuite errors="2" failures="0" name="Buy a product on a technology page." skipped="0" tests="2" time="28.18" timestamp="2021-06-16 01:18:39"><testcase name="Buy a computer on the page."><error message="no such element: Unable to locate element: {&quot;method&quot;:&quot;xpath&quot;,&quot;selector&quot;:&quot;//div[@id='speakersImg']&quot;}&#10;  (Session info: chrome=91.0.4472.101)&#10;For documentation on this error, please visit: https://www.seleniumhq.org/exceptions/no_such_element.html&#10;Build info: version: '3.141.59', revision: 'e82be7d358', time: '2018-11-14T08:17:03'&#10;System info: host: 'DESKTOP-LB1B6SL', ip: '192.168.1.56', os.name: 'Windows 10', os.arch: 'amd64', os.version: '10.0', java.version: '1.8.0_291'&#10;Driver info: org.openqa.selenium.chrome.ChromeDriver&#10;Capabilities {acceptInsecureCerts: false, browserName: chrome, browserVersion: 91.0.4472.101, chrome: {chromedriverVersion: 91.0.4472.19 (1bf021f248676..., userDataDir: C:\Users\devia\AppData\Loca...}, goog:chromeOptions: {debuggerAddress: localhost:63020}, javascriptEnabled: true, networkConnectionEnabled: false, pageLoadStrategy: normal, platform: WINDOWS, platformName: WINDOWS, proxy: Proxy(), setWindowRect: true, strictFileInteractability: false, timeouts: {implicit: 0, pageLoad: 300000, script: 30000}, unhandledPromptBehavior: dismiss and notify, webauthn:extension:largeBlob: true, webauthn:virtualAuthenticators: true}&#10;Session ID: d918ebc74adfa2041c4bd1de65a0c3e0&#10;*** Element info: {Using=xpath, value=//div[@id='speakersImg']}" type="org.openqa.selenium.NoSuchElementException">no such element: Unable to locate element: {"method":"xpath","selector":"//div[@id='speakersImg']"}
  (Session info: chrome=91.0.4472.101)
For documentation on this error, please visit: https://www.seleniumhq.org/exceptions/no_such_element.html
Build info: version: '3.141.59', revision: 'e82be7d358', time: '2018-11-14T08:17:03'
System info: host: 'DESKTOP-LB1B6SL', ip: '192.168.1.56', os.name: 'Windows 10', os.arch: 'amd64', os.version: '10.0', java.version: '1.8.0_291'
Driver info: org.openqa.selenium.chrome.ChromeDriver
Capabilities {acceptInsecureCerts: false, browserName: chrome, browserVersion: 91.0.4472.101, chrome: {chromedriverVersion: 91.0.4472.19 (1bf021f248676..., userDataDir: C:\Users\devia\AppData\Loca...}, goog:chromeOptions: {debuggerAddress: localhost:63020}, javascriptEnabled: true, networkConnectionEnabled: false, pageLoadStrategy: normal, platform: WINDOWS, platformName: WINDOWS, proxy: Proxy(), setWindowRect: true, strictFileInteractability: false, timeouts: {implicit: 0, pageLoad: 300000, script: 30000}, unhandledPromptBehavior: dismiss and notify, webauthn:extension:largeBlob: true, webauthn:virtualAuthenticators: true}
Session ID: d918ebc74adfa2041c4bd1de65a0c3e0
*** Element info: {Using=xpath, value=//div[@id='speakersImg']}</error><system-err>no such element: Unable to locate element: {"method":"xpath","selector":"//div[@id='speakersImg']"}
  (Session info: chrome=91.0.4472.101)
For documentation on this error, please visit: https://www.seleniumhq.org/exceptions/no_such_element.html
Build info: version: '3.141.59', revision: 'e82be7d358', time: '2018-11-14T08:17:03'
System info: host: 'DESKTOP-LB1B6SL', ip: '192.168.1.56', os.name: 'Windows 10', os.arch: 'amd64', os.version: '10.0', java.version: '1.8.0_291'
Driver info: org.openqa.selenium.chrome.ChromeDriver
Capabilities {acceptInsecureCerts: false, browserName: chrome, browserVersion: 91.0.4472.101, chrome: {chromedriverVersion: 91.0.4472.19 (1bf021f248676..., userDataDir: C:\Users\devia\AppData\Loca...}, goog:chromeOptions: {debuggerAddress: localhost:63020}, javascriptEnabled: true, networkConnectionEnabled: false, pageLoadStrategy: normal, platform: WINDOWS, platformName: WINDOWS, proxy: Proxy(), setWindowRect: true, strictFileInteractability: false, timeouts: {implicit: 0, pageLoad: 300000, script: 30000}, unhandledPromptBehavior: dismiss and notify, webauthn:extension:largeBlob: true, webauthn:virtualAuthenticators: true}
Session ID: d918ebc74adfa2041c4bd1de65a0c3e0
*** Element info: {Using=xpath, value=//div[@id='speakersImg']}&#13;
advantageonlineshopping.tasks.LogIn.performAs(LogIn.java:23)&#13;
advantageonlineshopping.stepdefinitions.advantageonlineshoppingStepDefinition.logIn(advantageonlineshoppingStepDefinition.java:39)&#13;
cucumber.runner.Runner.runPickle(Runner.java:80)&#13;
</system-err></testcase><testcase name="Can't buy a computer on the page"><error message="no such element: Unable to locate element: {&quot;method&quot;:&quot;xpath&quot;,&quot;selector&quot;:&quot;//div[@id='speakersImg']&quot;}&#10;  (Session info: chrome=91.0.4472.101)&#10;For documentation on this error, please visit: https://www.seleniumhq.org/exceptions/no_such_element.html&#10;Build info: version: '3.141.59', revision: 'e82be7d358', time: '2018-11-14T08:17:03'&#10;System info: host: 'DESKTOP-LB1B6SL', ip: '192.168.1.56', os.name: 'Windows 10', os.arch: 'amd64', os.version: '10.0', java.version: '1.8.0_291'&#10;Driver info: org.openqa.selenium.chrome.ChromeDriver&#10;Capabilities {acceptInsecureCerts: false, browserName: chrome, browserVersion: 91.0.4472.101, chrome: {chromedriverVersion: 91.0.4472.19 (1bf021f248676..., userDataDir: C:\Users\devia\AppData\Loca...}, goog:chromeOptions: {debuggerAddress: localhost:62101}, javascriptEnabled: true, networkConnectionEnabled: false, pageLoadStrategy: normal, platform: WINDOWS, platformName: WINDOWS, proxy: Proxy(), setWindowRect: true, strictFileInteractability: false, timeouts: {implicit: 0, pageLoad: 300000, script: 30000}, unhandledPromptBehavior: dismiss and notify, webauthn:extension:largeBlob: true, webauthn:virtualAuthenticators: true}&#10;Session ID: 271cccc213dc502d62568ff837dd2770&#10;*** Element info: {Using=xpath, value=//div[@id='speakersImg']}" type="org.openqa.selenium.NoSuchElementException">no such element: Unable to locate element: {"method":"xpath","selector":"//div[@id='speakersImg']"}
  (Session info: chrome=91.0.4472.101)
For documentation on this error, please visit: https://www.seleniumhq.org/exceptions/no_such_element.html
Build info: version: '3.141.59', revision: 'e82be7d358', time: '2018-11-14T08:17:03'
System info: host: 'DESKTOP-LB1B6SL', ip: '192.168.1.56', os.name: 'Windows 10', os.arch: 'amd64', os.version: '10.0', java.version: '1.8.0_291'
Driver info: org.openqa.selenium.chrome.ChromeDriver
Capabilities {acceptInsecureCerts: false, browserName: chrome, browserVersion: 91.0.4472.101, chrome: {chromedriverVersion: 91.0.4472.19 (1bf021f248676..., userDataDir: C:\Users\devia\AppData\Loca...}, goog:chromeOptions: {debuggerAddress: localhost:62101}, javascriptEnabled: true, networkConnectionEnabled: false, pageLoadStrategy: normal, platform: WINDOWS, platformName: WINDOWS, proxy: Proxy(), setWindowRect: true, strictFileInteractability: false, timeouts: {implicit: 0, pageLoad: 300000, script: 30000}, unhandledPromptBehavior: dismiss and notify, webauthn:extension:largeBlob: true, webauthn:virtualAuthenticators: true}
Session ID: 271cccc213dc502d62568ff837dd2770
*** Element info: {Using=xpath, value=//div[@id='speakersImg']}</error><system-err>no such element: Unable to locate element: {"method":"xpath","selector":"//div[@id='speakersImg']"}
  (Session info: chrome=91.0.4472.101)
For documentation on this error, please visit: https://www.seleniumhq.org/exceptions/no_such_element.html
Build info: version: '3.141.59', revision: 'e82be7d358', time: '2018-11-14T08:17:03'
System info: host: 'DESKTOP-LB1B6SL', ip: '192.168.1.56', os.name: 'Windows 10', os.arch: 'amd64', os.version: '10.0', java.version: '1.8.0_291'
Driver info: org.openqa.selenium.chrome.ChromeDriver
Capabilities {acceptInsecureCerts: false, browserName: chrome, browserVersion: 91.0.4472.101, chrome: {chromedriverVersion: 91.0.4472.19 (1bf021f248676..., userDataDir: C:\Users\devia\AppData\Loca...}, goog:chromeOptions: {debuggerAddress: localhost:62101}, javascriptEnabled: true, networkConnectionEnabled: false, pageLoadStrategy: normal, platform: WINDOWS, platformName: WINDOWS, proxy: Proxy(), setWindowRect: true, strictFileInteractability: false, timeouts: {implicit: 0, pageLoad: 300000, script: 30000}, unhandledPromptBehavior: dismiss and notify, webauthn:extension:largeBlob: true, webauthn:virtualAuthenticators: true}
Session ID: 271cccc213dc502d62568ff837dd2770
*** Element info: {Using=xpath, value=//div[@id='speakersImg']}&#13;
advantageonlineshopping.tasks.LogIn.performAs(LogIn.java:23)&#13;
advantageonlineshopping.stepdefinitions.advantageonlineshoppingStepDefinition.logIn(advantageonlineshoppingStepDefinition.java:39)&#13;
cucumber.runner.Runner.runPickle(Runner.java:80)&#13;
</system-err></testcase></testsuite>